<?xml version="1.0" encoding="UTF-8"?>
<testsuite name="TestTicTacToeTrees" tests="3" skipped="0" failures="0" errors="0" timestamp="2020-11-24T16:17:59" hostname="Chizus-Macbook.local" time="0.039">
  <properties/>
  <testcase name="testTree1()" classname="TestTicTacToeTrees" time="0.029"/>
  <testcase name="testTree2()" classname="TestTicTacToeTrees" time="0.006"/>
  <testcase name="testTree3()" classname="TestTicTacToeTrees" time="0.001"/>
  <system-out><![CDATA[]]></system-out>
  <system-err><![CDATA[]]></system-err>
</testsuite>
